build/app/outputs/mapping/release/seeds.txt
com.example.untitled.MainActivity
com.example.untitled.MainActivity: MainActivity()
...
com.google.android.material.button.MaterialButton: void setToggleCheckedStateOnClick(boolean)
com.google.android.gms.internal.firebase-auth-api.zzabx: void zzb()
com.google.android.recaptcha.internal.zzii: boolean remove(java.lang.Object)
com.google.android.gms.internal.firebase-auth-api.zzafu: zzafu()
io.flutter.embedding.engine.FlutterJNI: java.lang.String[] computePlatformResolvedLocale(java.lang.String[])
io.flutter.embedding.engine.FlutterJNI: boolean nativeFlutterTextUtilsIsEmoji(int)
com.google.android.gms.internal.firebase-auth-api.zzgx: com.google.android.gms.internal.firebase-auth-api.zzpj zza(com.google.android.gms.internal.firebase-auth-api.zzbp,com.google.android.gms.internal.firebase-auth-api.zzcn)
com.google.android.gms.internal.firebase-auth-api.zzame: com.google.android.gms.internal.firebase-auth-api.zzalo zzb()
com.google.android.gms.internal.fido.zzcz: java.util.Iterator iterator()
com.google.android.recaptcha.internal.zzbo: kotlinx.coroutines.CoroutineScope zzc()
com.google.android.recaptcha.internal.zznj: void zzc(byte,byte,char[],int)
com.google.gson.stream.JsonReader$1: JsonReader$1()
androidx.core.view.ViewConfigurationCompat$Api34Impl: int getScaledMaximumFlingVelocity(android.view.ViewConfiguration,int,int,int)
com.google.android.gms.internal.common.zzaa: zzaa(int)
me.carda.awesome_notifications.core.externalLibs.CronExpression: int getNumericValue(java.lang.String,int)
com.google.android.gms.internal.firebase-auth-api.zzju$zzd: com.google.android.gms.internal.firebase-auth-api.zzju zza()
com.google.android.recaptcha.internal.zzkf: boolean zzj(com.google.android.recaptcha.internal.zzlx)
com.google.android.recaptcha.internal.zzjn: zzjn()
com.google.android.gms.tasks.zze: void run()
com.google.android.recaptcha.internal.zzfx: void zza(int,com.google.android.recaptcha.internal.zzek,com.google.android.recaptcha.internal.zzrr[])
com.google.android.recaptcha.internal.zzii: java.lang.Object set(int,java.lang.Object)
com.google.android.gms.internal.firebase-auth-api.zzajj: void zzd(int,int)
com.google.android.gms.internal.fido.zzk: boolean usesClientTelemetry()
com.google.android.gms.internal.firebase-auth-api.zzajt: com.google.android.gms.internal.firebase-auth-api.zzand zzc()
com.google.android.gms.internal.firebase-auth-api.zzrh: com.google.android.gms.internal.firebase-auth-api.zzpc zza(com.google.android.gms.internal.firebase-auth-api.zzqd,com.google.android.gms.internal.firebase-auth-api.zzcn)
me.carda.awesome_notifications.core.utils.AudioUtils: java.lang.Boolean isValidAudio(android.content.Context,java.lang.String)
io.flutter.embedding.android.KeyData$DeviceType: io.flutter.embedding.android.KeyData$DeviceType[] values()
io.flutter.plugins.firebase.core.FlutterFirebasePluginRegistry: com.google.android.gms.tasks.Task getPluginConstantsForFirebaseApp(com.google.firebase.FirebaseApp)
io.flutter.view.AccessibilityViewEmbedder: android.view.accessibility.AccessibilityNodeInfo getRootNode(android.view.View,int,android.graphics.Rect)
android.support.v4.media.MediaDescriptionCompat$Api21Impl: void setExtras(android.media.MediaDescription$Builder,android.os.Bundle)
com.google.android.gms.internal.firebase-auth-api.zzap: com.google.android.gms.internal.firebase-auth-api.zzak zza()
androidx.core.app.NotificationCompatBuilder$Api21Impl: android.app.Notification$Builder setSound(android.app.Notification$Builder,android.net.Uri,java.lang.Object)
com.google.android.gms.internal.base.zaq: zaq()
com.google.android.gms.internal.firebase-auth-api.zznm: com.google.android.gms.internal.firebase-auth-api.zznm zza(int)
com.google.android.gms.internal.fido.zzl: zzl()
me.carda.awesome_notifications.core.builders.NotificationBuilder: void setLockedNotification(me.carda.awesome_notifications.core.models.NotificationModel,me.carda.awesome_notifications.core.models.NotificationChannelModel,androidx.core.app.NotificationCompat$Builder)